2025-05-19 17:05:03,011 - INFO - Custom lexicon loaded successfully
2025-05-19 17:05:04,456 - INFO - Transformer model distilbert-base-uncased-finetuned-sst-2-english loaded successfully
2025-05-19 17:05:37,929 - INFO - Custom lexicon loaded successfully
2025-05-19 17:05:37,929 - INFO - Custom lexicon loaded successfully
2025-05-19 17:05:39,108 - INFO - Transformer model distilbert-base-uncased-finetuned-sst-2-english loaded successfully
2025-05-19 17:05:39,159 - INFO - Transformer model distilbert-base-uncased-finetuned-sst-2-english loaded successfully
2025-05-19 17:05:42,214 - WARNING - From C:\Users\kumar\AppData\Local\Programs\Python\Python312\Lib\site-packages\tf_keras\src\losses.py:2976: The name tf.losses.sparse_softmax_cross_entropy is deprecated. Please use tf.compat.v1.losses.sparse_softmax_cross_entropy instead.

2025-05-19 17:05:42,891 - WARNING - From C:\Users\kumar\AppData\Local\Programs\Python\Python312\Lib\site-packages\tf_keras\src\losses.py:2976: The name tf.losses.sparse_softmax_cross_entropy is deprecated. Please use tf.compat.v1.losses.sparse_softmax_cross_entropy instead.

2025-05-19 17:06:24,827 - INFO - Custom lexicon loaded successfully
2025-05-19 17:06:25,606 - INFO - Transformer model distilbert-base-uncased-finetuned-sst-2-english loaded successfully
2025-05-19 17:06:28,409 - WARNING - From C:\Users\kumar\AppData\Local\Programs\Python\Python312\Lib\site-packages\tf_keras\src\losses.py:2976: The name tf.losses.sparse_softmax_cross_entropy is deprecated. Please use tf.compat.v1.losses.sparse_softmax_cross_entropy instead.

2025-05-19 17:07:29,068 - INFO - Sarcasm detector loaded successfully
2025-05-19 17:07:29,943 - INFO - Analyzed text: I absolutely love waiting in traffic for two hours...
2025-05-19 17:07:29,943 - INFO - Sentiment: Positive, Sarcasm: False
2025-05-19 17:07:29,943 - INFO - Results exported to output\sentiment_analysis_20250519_170729.json
2025-05-19 17:09:15,492 - INFO - Sarcasm detector loaded successfully
2025-05-19 17:09:15,814 - INFO - Analyzed text: I absolutely love waiting in traffic for two hours...
2025-05-19 17:09:15,814 - INFO - Sentiment: Positive, Sarcasm: False
2025-05-19 17:09:15,948 - INFO - Analyzed text: Oh great, another Monday. Just what I needed....
2025-05-19 17:09:15,948 - INFO - Sentiment: Positive, Sarcasm: False
2025-05-19 17:09:16,062 - INFO - Analyzed text: Yeah, because waking up at 5 AM is so relaxing....
2025-05-19 17:09:16,062 - INFO - Sentiment: Positive, Sarcasm: False
2025-05-19 17:09:16,152 - INFO - Analyzed text: The meeting is scheduled for 2 PM....
2025-05-19 17:09:16,152 - INFO - Sentiment: Neutral, Sarcasm: False
2025-05-19 17:09:16,242 - INFO - Analyzed text: The weather is beautiful today....
2025-05-19 17:09:16,242 - INFO - Sentiment: Positive, Sarcasm: False
2025-05-19 17:09:16,334 - INFO - Analyzed text: This movie was absolutely terrible....
2025-05-19 17:09:16,334 - INFO - Sentiment: Negative, Sarcasm: False
2025-05-19 17:09:16,444 - INFO - Analyzed text: I'm so happy to be working overtime on weekends....
2025-05-19 17:09:16,444 - INFO - Sentiment: Positive, Sarcasm: False
2025-05-19 17:09:16,541 - INFO - Analyzed text: What a wonderful surprise to find my car with a fl...
2025-05-19 17:09:16,541 - INFO - Sentiment: Positive, Sarcasm: False
2025-05-19 17:09:16,638 - INFO - Analyzed text: The food at this restaurant is amazing!...
2025-05-19 17:09:16,638 - INFO - Sentiment: Positive, Sarcasm: False
2025-05-19 17:09:16,735 - INFO - Analyzed text: I can't believe how slow this internet connection ...
2025-05-19 17:09:16,742 - INFO - Sentiment: Negative, Sarcasm: False
2025-05-19 17:09:16,742 - INFO - Results exported to output\sentiment_analysis_20250519_170916.json
2025-05-19 17:10:59,930 - INFO - Sarcasm detector loaded successfully
2025-05-19 17:11:00,208 - INFO - Analyzed text: I absolutely love waiting in traffic for two hours...
2025-05-19 17:11:00,208 - INFO - Sentiment: Positive, Sarcasm: False
2025-05-19 17:11:00,298 - INFO - Analyzed text: Oh great, another Monday. Just what I needed....
2025-05-19 17:11:00,298 - INFO - Sentiment: Positive, Sarcasm: False
2025-05-19 17:11:00,414 - INFO - Analyzed text: Yeah, because waking up at 5 AM is so relaxing....
2025-05-19 17:11:00,414 - INFO - Sentiment: Positive, Sarcasm: False
2025-05-19 17:11:00,504 - INFO - Analyzed text: The meeting is scheduled for 2 PM....
2025-05-19 17:11:00,504 - INFO - Sentiment: Neutral, Sarcasm: False
2025-05-19 17:11:00,600 - INFO - Analyzed text: The weather is beautiful today....
2025-05-19 17:11:00,601 - INFO - Sentiment: Positive, Sarcasm: False
2025-05-19 17:11:00,686 - INFO - Analyzed text: This movie was absolutely terrible....
2025-05-19 17:11:00,686 - INFO - Sentiment: Negative, Sarcasm: False
2025-05-19 17:11:00,793 - INFO - Analyzed text: I'm so happy to be working overtime on weekends....
2025-05-19 17:11:00,793 - INFO - Sentiment: Positive, Sarcasm: False
2025-05-19 17:11:00,894 - INFO - Analyzed text: What a wonderful surprise to find my car with a fl...
2025-05-19 17:11:00,894 - INFO - Sentiment: Positive, Sarcasm: False
2025-05-19 17:11:00,985 - INFO - Analyzed text: The food at this restaurant is amazing!...
2025-05-19 17:11:00,985 - INFO - Sentiment: Positive, Sarcasm: False
2025-05-19 17:11:01,104 - INFO - Analyzed text: I can't believe how slow this internet connection ...
2025-05-19 17:11:01,105 - INFO - Sentiment: Negative, Sarcasm: False
2025-05-19 17:11:01,106 - INFO - Results exported to output\sentiment_analysis_20250519_171101.json
2025-05-19 17:11:46,068 - INFO - Custom lexicon loaded successfully
2025-05-19 17:11:46,898 - INFO - Transformer model distilbert-base-uncased-finetuned-sst-2-english loaded successfully
2025-05-19 17:11:49,457 - WARNING - From C:\Users\kumar\AppData\Local\Programs\Python\Python312\Lib\site-packages\tf_keras\src\losses.py:2976: The name tf.losses.sparse_softmax_cross_entropy is deprecated. Please use tf.compat.v1.losses.sparse_softmax_cross_entropy instead.

2025-05-19 17:11:50,300 - INFO - Sarcasm detector loaded successfully
2025-05-19 17:11:50,585 - INFO - Analyzed text: I absolutely love waiting in traffic for two hours...
2025-05-19 17:11:50,585 - INFO - Sentiment: Positive, Sarcasm: False
2025-05-19 17:11:50,669 - INFO - Analyzed text: Oh great, another Monday. Just what I needed....
2025-05-19 17:11:50,669 - INFO - Sentiment: Positive, Sarcasm: False
2025-05-19 17:11:50,784 - INFO - Analyzed text: Yeah, because waking up at 5 AM is so relaxing....
2025-05-19 17:11:50,784 - INFO - Sentiment: Positive, Sarcasm: False
2025-05-19 17:11:50,881 - INFO - Analyzed text: The meeting is scheduled for 2 PM....
2025-05-19 17:11:50,881 - INFO - Sentiment: Neutral, Sarcasm: False
2025-05-19 17:11:50,970 - INFO - Analyzed text: The weather is beautiful today....
2025-05-19 17:11:50,970 - INFO - Sentiment: Positive, Sarcasm: False
2025-05-19 17:11:51,061 - INFO - Analyzed text: This movie was absolutely terrible....
2025-05-19 17:11:51,061 - INFO - Sentiment: Negative, Sarcasm: False
2025-05-19 17:11:51,186 - INFO - Analyzed text: I'm so happy to be working overtime on weekends....
2025-05-19 17:11:51,187 - INFO - Sentiment: Positive, Sarcasm: False
2025-05-19 17:11:51,306 - INFO - Analyzed text: What a wonderful surprise to find my car with a fl...
2025-05-19 17:11:51,306 - INFO - Sentiment: Positive, Sarcasm: False
2025-05-19 17:11:51,399 - INFO - Analyzed text: The food at this restaurant is amazing!...
2025-05-19 17:11:51,399 - INFO - Sentiment: Positive, Sarcasm: False
2025-05-19 17:11:51,504 - INFO - Analyzed text: I can't believe how slow this internet connection ...
2025-05-19 17:11:51,504 - INFO - Sentiment: Negative, Sarcasm: False
2025-05-19 17:11:51,504 - INFO - Results exported to output\sentiment_analysis_20250519_171151.json
2025-05-19 18:13:30,767 - INFO - Custom lexicon loaded successfully
2025-05-19 18:13:32,062 - INFO - Transformer model distilbert-base-uncased-finetuned-sst-2-english loaded successfully
2025-05-19 18:13:34,321 - WARNING - From C:\Users\kumar\AppData\Local\Programs\Python\Python312\Lib\site-packages\tf_keras\src\losses.py:2976: The name tf.losses.sparse_softmax_cross_entropy is deprecated. Please use tf.compat.v1.losses.sparse_softmax_cross_entropy instead.

2025-05-19 18:13:35,104 - INFO - Sarcasm detector loaded successfully
2025-05-19 18:13:35,367 - INFO - Analyzed text: I absolutely love waiting in traffic for two hours...
2025-05-19 18:13:35,367 - INFO - Sentiment: Positive, Sarcasm: False
2025-05-19 18:13:35,487 - INFO - Analyzed text: Oh great, another Monday. Just what I needed....
2025-05-19 18:13:35,487 - INFO - Sentiment: Positive, Sarcasm: False
2025-05-19 18:13:35,595 - INFO - Analyzed text: Yeah, because waking up at 5 AM is so relaxing....
2025-05-19 18:13:35,595 - INFO - Sentiment: Positive, Sarcasm: False
2025-05-19 18:13:35,703 - INFO - Analyzed text: The meeting is scheduled for 2 PM....
2025-05-19 18:13:35,704 - INFO - Sentiment: Neutral, Sarcasm: False
2025-05-19 18:13:35,804 - INFO - Analyzed text: The weather is beautiful today....
2025-05-19 18:13:35,806 - INFO - Sentiment: Positive, Sarcasm: False
2025-05-19 18:13:35,896 - INFO - Analyzed text: This movie was absolutely terrible....
2025-05-19 18:13:35,896 - INFO - Sentiment: Negative, Sarcasm: False
2025-05-19 18:13:36,001 - INFO - Analyzed text: I'm so happy to be working overtime on weekends....
2025-05-19 18:13:36,001 - INFO - Sentiment: Positive, Sarcasm: False
2025-05-19 18:13:36,119 - INFO - Analyzed text: What a wonderful surprise to find my car with a fl...
2025-05-19 18:13:36,120 - INFO - Sentiment: Positive, Sarcasm: False
2025-05-19 18:13:36,209 - INFO - Analyzed text: The food at this restaurant is amazing!...
2025-05-19 18:13:36,209 - INFO - Sentiment: Positive, Sarcasm: False
2025-05-19 18:13:36,318 - INFO - Analyzed text: I can't believe how slow this internet connection ...
2025-05-19 18:13:36,318 - INFO - Sentiment: Negative, Sarcasm: False
2025-05-19 18:13:36,318 - INFO - Results exported to output\sentiment_analysis_20250519_181336.json
